Snob2 initialized.

/local/conda/miniconda3/envs/autobahnplus/lib/python3.9/site-packages/chex/_src/pytypes.py:37: FutureWarning: jax.tree_structure is deprecated, and will be removed in a future release. Use jax.tree_util.tree_structure instead.
  PyTreeDef = type(jax.tree_structure(None))
WARNING:absl:No GPU/TPU found, falling back to CPU. (Set TF_CPP_MIN_LOG_LEVEL=0 and rerun for more info.)
The exact ground-state energy from computational basis for J2 = 0.5 is-- (-5.356189701087752) 
True Ground state Energy via ED for partition [6, 6]:--- (-5.35618974000985) 
Irrep Dims for [6, 6]: --- 132
-----------------------
running the optimization on --6_sqaures--08-07_15-21
-------------List of hyperparamters---------
number of layers p--3
value of frustration--0.5
noise scale--0.1
learning rate 0.002
-----------------------
updated YJMparams, Hparams have the shape: (12, 12, 3), (3,)
energy expectation at iteration 0: --- (-2.116615488606766)
updated YJMparams, Hparams have the shape: (12, 12, 3), (3,)
energy expectation at iteration 20: --- (-2.7375422919011028)
updated YJMparams, Hparams have the shape: (12, 12, 3), (3,)
energy expectation at iteration 40: --- (-3.0395921221624564)
updated YJMparams, Hparams have the shape: (12, 12, 3), (3,)
energy expectation at iteration 60: --- (-3.403147502375474)
updated YJMparams, Hparams have the shape: (12, 12, 3), (3,)
energy expectation at iteration 80: --- (-3.5067083848701364)
updated YJMparams, Hparams have the shape: (12, 12, 3), (3,)
energy expectation at iteration 100: --- (-3.561900867978748)
updated YJMparams, Hparams have the shape: (12, 12, 3), (3,)
energy expectation at iteration 120: --- (-3.6438737751163024)
updated YJMparams, Hparams have the shape: (12, 12, 3), (3,)
energy expectation at iteration 140: --- (-3.6955947683511012)
updated YJMparams, Hparams have the shape: (12, 12, 3), (3,)
energy expectation at iteration 160: --- (-3.737707472725284)
updated YJMparams, Hparams have the shape: (12, 12, 3), (3,)
energy expectation at iteration 180: --- (-3.788655014618008)
updated YJMparams, Hparams have the shape: (12, 12, 3), (3,)
energy expectation at iteration 200: --- (-3.8290887521047137)
updated YJMparams, Hparams have the shape: (12, 12, 3), (3,)
energy expectation at iteration 220: --- (-3.860978591324019)
updated YJMparams, Hparams have the shape: (12, 12, 3), (3,)
energy expectation at iteration 240: --- (-3.890269348472811)
updated YJMparams, Hparams have the shape: (12, 12, 3), (3,)
energy expectation at iteration 260: --- (-3.9149496515180227)
updated YJMparams, Hparams have the shape: (12, 12, 3), (3,)
energy expectation at iteration 280: --- (-3.942359572298613)
updated YJMparams, Hparams have the shape: (12, 12, 3), (3,)
energy expectation at iteration 300: --- (-3.964230536055589)
updated YJMparams, Hparams have the shape: (12, 12, 3), (3,)
energy expectation at iteration 320: --- (-3.982047482177498)
updated YJMparams, Hparams have the shape: (12, 12, 3), (3,)
energy expectation at iteration 340: --- (-4.008366318370811)
updated YJMparams, Hparams have the shape: (12, 12, 3), (3,)
energy expectation at iteration 360: --- (-4.045956335357269)
updated YJMparams, Hparams have the shape: (12, 12, 3), (3,)
energy expectation at iteration 380: --- (-4.079307007349264)
updated YJMparams, Hparams have the shape: (12, 12, 3), (3,)
energy expectation at iteration 400: --- (-4.11248492343728)
updated YJMparams, Hparams have the shape: (12, 12, 3), (3,)
energy expectation at iteration 420: --- (-4.1478709752269785)
updated YJMparams, Hparams have the shape: (12, 12, 3), (3,)
energy expectation at iteration 440: --- (-4.177067800623118)
updated YJMparams, Hparams have the shape: (12, 12, 3), (3,)
energy expectation at iteration 460: --- (-4.18861493036623)
updated YJMparams, Hparams have the shape: (12, 12, 3), (3,)
energy expectation at iteration 480: --- (-4.229769644653361)
updated YJMparams, Hparams have the shape: (12, 12, 3), (3,)
energy expectation at iteration 500: --- (-4.254140536775552)
updated YJMparams, Hparams have the shape: (12, 12, 3), (3,)
energy expectation at iteration 520: --- (-4.274623528165799)
updated YJMparams, Hparams have the shape: (12, 12, 3), (3,)
energy expectation at iteration 540: --- (-4.282955367040949)
updated YJMparams, Hparams have the shape: (12, 12, 3), (3,)
energy expectation at iteration 560: --- (-4.323409125691687)
updated YJMparams, Hparams have the shape: (12, 12, 3), (3,)
energy expectation at iteration 580: --- (-4.353346589787861)
updated YJMparams, Hparams have the shape: (12, 12, 3), (3,)
energy expectation at iteration 600: --- (-4.3823026606579605)
updated YJMparams, Hparams have the shape: (12, 12, 3), (3,)
energy expectation at iteration 620: --- (-4.393565648494314)
updated YJMparams, Hparams have the shape: (12, 12, 3), (3,)
energy expectation at iteration 640: --- (-4.44381445230602)
updated YJMparams, Hparams have the shape: (12, 12, 3), (3,)
energy expectation at iteration 660: --- (-4.474865440074673)
updated YJMparams, Hparams have the shape: (12, 12, 3), (3,)
energy expectation at iteration 680: --- (-4.496801314432979)
updated YJMparams, Hparams have the shape: (12, 12, 3), (3,)
energy expectation at iteration 700: --- (-4.533592316600173)
updated YJMparams, Hparams have the shape: (12, 12, 3), (3,)
energy expectation at iteration 720: --- (-4.566646312659895)
updated YJMparams, Hparams have the shape: (12, 12, 3), (3,)
energy expectation at iteration 740: --- (-4.591881632850804)
updated YJMparams, Hparams have the shape: (12, 12, 3), (3,)
energy expectation at iteration 760: --- (-4.617828472782411)
updated YJMparams, Hparams have the shape: (12, 12, 3), (3,)
energy expectation at iteration 780: --- (-4.642740108891143)
updated YJMparams, Hparams have the shape: (12, 12, 3), (3,)
energy expectation at iteration 800: --- (-4.6638346538080455)
updated YJMparams, Hparams have the shape: (12, 12, 3), (3,)
energy expectation at iteration 820: --- (-4.6863018550679065)
updated YJMparams, Hparams have the shape: (12, 12, 3), (3,)
energy expectation at iteration 840: --- (-4.708587249305675)
updated YJMparams, Hparams have the shape: (12, 12, 3), (3,)
energy expectation at iteration 860: --- (-4.727661021496324)
updated YJMparams, Hparams have the shape: (12, 12, 3), (3,)
energy expectation at iteration 880: --- (-4.743420097557501)
updated YJMparams, Hparams have the shape: (12, 12, 3), (3,)
energy expectation at iteration 900: --- (-4.756939212074405)
updated YJMparams, Hparams have the shape: (12, 12, 3), (3,)
energy expectation at iteration 920: --- (-4.770343472171494)
updated YJMparams, Hparams have the shape: (12, 12, 3), (3,)
energy expectation at iteration 940: --- (-4.782796867008885)
updated YJMparams, Hparams have the shape: (12, 12, 3), (3,)
energy expectation at iteration 960: --- (-4.793903615786954)
updated YJMparams, Hparams have the shape: (12, 12, 3), (3,)
energy expectation at iteration 980: --- (-4.804466592358324)
updated YJMparams, Hparams have the shape: (12, 12, 3), (3,)
energy expectation at iteration 1000: --- (-4.815415980668503)
updated YJMparams, Hparams have the shape: (12, 12, 3), (3,)
energy expectation at iteration 1020: --- (-4.826699220973526)
updated YJMparams, Hparams have the shape: (12, 12, 3), (3,)
energy expectation at iteration 1040: --- (-4.837474396696303)
updated YJMparams, Hparams have the shape: (12, 12, 3), (3,)
energy expectation at iteration 1060: --- (-4.847268567254489)
updated YJMparams, Hparams have the shape: (12, 12, 3), (3,)
energy expectation at iteration 1080: --- (-4.855578413755448)
updated YJMparams, Hparams have the shape: (12, 12, 3), (3,)
energy expectation at iteration 1100: --- (-4.863268775810878)
updated YJMparams, Hparams have the shape: (12, 12, 3), (3,)
energy expectation at iteration 1120: --- (-4.873253504354325)
updated YJMparams, Hparams have the shape: (12, 12, 3), (3,)
energy expectation at iteration 1140: --- (-4.883484417469178)
updated YJMparams, Hparams have the shape: (12, 12, 3), (3,)
energy expectation at iteration 1160: --- (-4.89245174441986)
updated YJMparams, Hparams have the shape: (12, 12, 3), (3,)
energy expectation at iteration 1180: --- (-4.902957331373431)
updated YJMparams, Hparams have the shape: (12, 12, 3), (3,)
energy expectation at iteration 1200: --- (-4.914537078294084)
updated YJMparams, Hparams have the shape: (12, 12, 3), (3,)
energy expectation at iteration 1220: --- (-4.925222163237958)
updated YJMparams, Hparams have the shape: (12, 12, 3), (3,)
energy expectation at iteration 1240: --- (-4.937046734434693)
updated YJMparams, Hparams have the shape: (12, 12, 3), (3,)
energy expectation at iteration 1260: --- (-4.950640248986711)
updated YJMparams, Hparams have the shape: (12, 12, 3), (3,)
energy expectation at iteration 1280: --- (-4.964744282829385)
updated YJMparams, Hparams have the shape: (12, 12, 3), (3,)
energy expectation at iteration 1300: --- (-4.977777858405057)
updated YJMparams, Hparams have the shape: (12, 12, 3), (3,)
energy expectation at iteration 1320: --- (-4.989852297742004)
updated YJMparams, Hparams have the shape: (12, 12, 3), (3,)
energy expectation at iteration 1340: --- (-5.00397630931116)
updated YJMparams, Hparams have the shape: (12, 12, 3), (3,)
energy expectation at iteration 1360: --- (-5.019085579489604)
updated YJMparams, Hparams have the shape: (12, 12, 3), (3,)
energy expectation at iteration 1380: --- (-5.033443292133115)
updated YJMparams, Hparams have the shape: (12, 12, 3), (3,)
energy expectation at iteration 1400: --- (-5.0465059186858054)
updated YJMparams, Hparams have the shape: (12, 12, 3), (3,)
energy expectation at iteration 1420: --- (-5.0577156157490935)
updated YJMparams, Hparams have the shape: (12, 12, 3), (3,)
energy expectation at iteration 1440: --- (-5.067057247038405)
updated YJMparams, Hparams have the shape: (12, 12, 3), (3,)
energy expectation at iteration 1460: --- (-5.075033869347816)
updated YJMparams, Hparams have the shape: (12, 12, 3), (3,)
energy expectation at iteration 1480: --- (-5.082374915463168)
updated YJMparams, Hparams have the shape: (12, 12, 3), (3,)
energy expectation at iteration 1500: --- (-5.089362728778325)
updated YJMparams, Hparams have the shape: (12, 12, 3), (3,)
energy expectation at iteration 1520: --- (-5.096014763757965)
updated YJMparams, Hparams have the shape: (12, 12, 3), (3,)
energy expectation at iteration 1540: --- (-5.102672587063032)
updated YJMparams, Hparams have the shape: (12, 12, 3), (3,)
energy expectation at iteration 1560: --- (-5.109514007100279)
updated YJMparams, Hparams have the shape: (12, 12, 3), (3,)
energy expectation at iteration 1580: --- (-5.116382275353425)
updated YJMparams, Hparams have the shape: (12, 12, 3), (3,)
energy expectation at iteration 1600: --- (-5.1231701814051736)
updated YJMparams, Hparams have the shape: (12, 12, 3), (3,)
energy expectation at iteration 1620: --- (-5.129728997557369)
updated YJMparams, Hparams have the shape: (12, 12, 3), (3,)
energy expectation at iteration 1640: --- (-5.135676846032895)
updated YJMparams, Hparams have the shape: (12, 12, 3), (3,)
energy expectation at iteration 1660: --- (-5.140836812430669)
updated YJMparams, Hparams have the shape: (12, 12, 3), (3,)
energy expectation at iteration 1680: --- (-5.145487460606998)
updated YJMparams, Hparams have the shape: (12, 12, 3), (3,)
energy expectation at iteration 1700: --- (-5.149943028294847)
updated YJMparams, Hparams have the shape: (12, 12, 3), (3,)
energy expectation at iteration 1720: --- (-5.154217301915861)
updated YJMparams, Hparams have the shape: (12, 12, 3), (3,)
energy expectation at iteration 1740: --- (-5.1582654830514665)
updated YJMparams, Hparams have the shape: (12, 12, 3), (3,)
energy expectation at iteration 1760: --- (-5.162158828238349)
updated YJMparams, Hparams have the shape: (12, 12, 3), (3,)
energy expectation at iteration 1780: --- (-5.165889373526404)
updated YJMparams, Hparams have the shape: (12, 12, 3), (3,)
energy expectation at iteration 1800: --- (-5.169268806094068)
updated YJMparams, Hparams have the shape: (12, 12, 3), (3,)
energy expectation at iteration 1820: --- (-5.172245996915218)
updated YJMparams, Hparams have the shape: (12, 12, 3), (3,)
energy expectation at iteration 1840: --- (-5.175128538560393)
updated YJMparams, Hparams have the shape: (12, 12, 3), (3,)
energy expectation at iteration 1860: --- (-5.178188971119365)
updated YJMparams, Hparams have the shape: (12, 12, 3), (3,)
energy expectation at iteration 1880: --- (-5.181288989513875)
updated YJMparams, Hparams have the shape: (12, 12, 3), (3,)
energy expectation at iteration 1900: --- (-5.184063531989085)
updated YJMparams, Hparams have the shape: (12, 12, 3), (3,)
energy expectation at iteration 1920: --- (-5.186202927249361)
updated YJMparams, Hparams have the shape: (12, 12, 3), (3,)
energy expectation at iteration 1940: --- (-5.187635729653391)
updated YJMparams, Hparams have the shape: (12, 12, 3), (3,)
energy expectation at iteration 1960: --- (-5.188616608025821)
updated YJMparams, Hparams have the shape: (12, 12, 3), (3,)
energy expectation at iteration 1980: --- (-5.189524805396366)
updated YJMparams, Hparams have the shape: (12, 12, 3), (3,)
energy expectation at iteration 2000: --- (-5.190526921014045)
updated YJMparams, Hparams have the shape: (12, 12, 3), (3,)
energy expectation at iteration 2020: --- (-5.191512693925801)
updated YJMparams, Hparams have the shape: (12, 12, 3), (3,)
energy expectation at iteration 2040: --- (-5.192246927639035)
updated YJMparams, Hparams have the shape: (12, 12, 3), (3,)
energy expectation at iteration 2060: --- (-5.192493223929005)
updated YJMparams, Hparams have the shape: (12, 12, 3), (3,)
energy expectation at iteration 2080: --- (-5.192095570926931)
updated YJMparams, Hparams have the shape: (12, 12, 3), (3,)
energy expectation at iteration 2100: --- (-5.191044673747643)
updated YJMparams, Hparams have the shape: (12, 12, 3), (3,)
energy expectation at iteration 2120: --- (-5.189528717645196)
updated YJMparams, Hparams have the shape: (12, 12, 3), (3,)
energy expectation at iteration 2140: --- (-5.187907092404363)
updated YJMparams, Hparams have the shape: (12, 12, 3), (3,)
energy expectation at iteration 2160: --- (-5.18646035950741)
updated YJMparams, Hparams have the shape: (12, 12, 3), (3,)
energy expectation at iteration 2180: --- (-5.185187545112533)
updated YJMparams, Hparams have the shape: (12, 12, 3), (3,)
energy expectation at iteration 2200: --- (-5.18399854216711)
updated YJMparams, Hparams have the shape: (12, 12, 3), (3,)
energy expectation at iteration 2220: --- (-5.18290242001787)
updated YJMparams, Hparams have the shape: (12, 12, 3), (3,)
energy expectation at iteration 2240: --- (-5.181895956081303)
updated YJMparams, Hparams have the shape: (12, 12, 3), (3,)
energy expectation at iteration 2260: --- (-5.180849287229588)
updated YJMparams, Hparams have the shape: (12, 12, 3), (3,)
energy expectation at iteration 2280: --- (-5.179625480381179)
updated YJMparams, Hparams have the shape: (12, 12, 3), (3,)
energy expectation at iteration 2300: --- (-5.17825146259368)
updated YJMparams, Hparams have the shape: (12, 12, 3), (3,)
energy expectation at iteration 2320: --- (-5.176893363408459)
updated YJMparams, Hparams have the shape: (12, 12, 3), (3,)
energy expectation at iteration 2340: --- (-5.175652832107553)
updated YJMparams, Hparams have the shape: (12, 12, 3), (3,)
energy expectation at iteration 2360: --- (-5.174486275615311)
updated YJMparams, Hparams have the shape: (12, 12, 3), (3,)
energy expectation at iteration 2380: --- (-5.1733408250854165)
updated YJMparams, Hparams have the shape: (12, 12, 3), (3,)
energy expectation at iteration 2400: --- (-5.172226376013589)
updated YJMparams, Hparams have the shape: (12, 12, 3), (3,)
energy expectation at iteration 2420: --- (-5.171134488940273)
updated YJMparams, Hparams have the shape: (12, 12, 3), (3,)
energy expectation at iteration 2440: --- (-5.1700012225646805)
updated YJMparams, Hparams have the shape: (12, 12, 3), (3,)
energy expectation at iteration 2460: --- (-5.168784543466054)
updated YJMparams, Hparams have the shape: (12, 12, 3), (3,)
energy expectation at iteration 2480: --- (-5.167517465261896)
updated YJMparams, Hparams have the shape: (12, 12, 3), (3,)
energy expectation at iteration 2500: --- (-5.16626539501512)
updated YJMparams, Hparams have the shape: (12, 12, 3), (3,)
energy expectation at iteration 2520: --- (-5.165065587220442)
updated YJMparams, Hparams have the shape: (12, 12, 3), (3,)
energy expectation at iteration 2540: --- (-5.163918843202884)
updated YJMparams, Hparams have the shape: (12, 12, 3), (3,)
energy expectation at iteration 2560: --- (-5.162810500911416)
updated YJMparams, Hparams have the shape: (12, 12, 3), (3,)
energy expectation at iteration 2580: --- (-5.161723102525047)
updated YJMparams, Hparams have the shape: (12, 12, 3), (3,)
energy expectation at iteration 2600: --- (-5.160640893290014)
updated YJMparams, Hparams have the shape: (12, 12, 3), (3,)
energy expectation at iteration 2620: --- (-5.1595558933545815)
updated YJMparams, Hparams have the shape: (12, 12, 3), (3,)
energy expectation at iteration 2640: --- (-5.158475849057233)
updated YJMparams, Hparams have the shape: (12, 12, 3), (3,)
energy expectation at iteration 2660: --- (-5.157429991524011)
updated YJMparams, Hparams have the shape: (12, 12, 3), (3,)
energy expectation at iteration 2680: --- (-5.156468017787201)
updated YJMparams, Hparams have the shape: (12, 12, 3), (3,)
energy expectation at iteration 2700: --- (-5.155650313016833)
updated YJMparams, Hparams have the shape: (12, 12, 3), (3,)
energy expectation at iteration 2720: --- (-5.155035590305964)
updated YJMparams, Hparams have the shape: (12, 12, 3), (3,)
energy expectation at iteration 2740: --- (-5.154676170215256)
updated YJMparams, Hparams have the shape: (12, 12, 3), (3,)
energy expectation at iteration 2760: --- (-5.154620665567054)
updated YJMparams, Hparams have the shape: (12, 12, 3), (3,)
energy expectation at iteration 2780: --- (-5.154912185470343)
updated YJMparams, Hparams have the shape: (12, 12, 3), (3,)
energy expectation at iteration 2800: --- (-5.155577289988802)
updated YJMparams, Hparams have the shape: (12, 12, 3), (3,)
energy expectation at iteration 2820: --- (-5.156616505203691)
updated YJMparams, Hparams have the shape: (12, 12, 3), (3,)
energy expectation at iteration 2840: --- (-5.158005451231011)
updated YJMparams, Hparams have the shape: (12, 12, 3), (3,)
energy expectation at iteration 2860: --- (-5.15970172946996)
updated YJMparams, Hparams have the shape: (12, 12, 3), (3,)
energy expectation at iteration 2880: --- (-5.161650592069122)
updated YJMparams, Hparams have the shape: (12, 12, 3), (3,)
energy expectation at iteration 2900: --- (-5.163789410664201)
updated YJMparams, Hparams have the shape: (12, 12, 3), (3,)
energy expectation at iteration 2920: --- (-5.166052313037582)
updated YJMparams, Hparams have the shape: (12, 12, 3), (3,)
energy expectation at iteration 2940: --- (-5.168374798250387)
updated YJMparams, Hparams have the shape: (12, 12, 3), (3,)
energy expectation at iteration 2960: --- (-5.170698991738389)
updated YJMparams, Hparams have the shape: (12, 12, 3), (3,)
energy expectation at iteration 2980: --- (-5.1729797703200955)
updated YJMparams, Hparams have the shape: (12, 12, 3), (3,)
energy expectation at iteration 3000: --- (-5.175189910280956)
updated YJMparams, Hparams have the shape: (12, 12, 3), (3,)
energy expectation at iteration 3020: --- (-5.177322712936368)
updated YJMparams, Hparams have the shape: (12, 12, 3), (3,)
energy expectation at iteration 3040: --- (-5.179392453421716)
updated YJMparams, Hparams have the shape: (12, 12, 3), (3,)
energy expectation at iteration 3060: --- (-5.181432995975352)
updated YJMparams, Hparams have the shape: (12, 12, 3), (3,)
energy expectation at iteration 3080: --- (-5.183493612983718)
updated YJMparams, Hparams have the shape: (12, 12, 3), (3,)
energy expectation at iteration 3100: --- (-5.185631178396109)
updated YJMparams, Hparams have the shape: (12, 12, 3), (3,)
energy expectation at iteration 3120: --- (-5.187899383190786)
updated YJMparams, Hparams have the shape: (12, 12, 3), (3,)
energy expectation at iteration 3140: --- (-5.190336616409593)
updated YJMparams, Hparams have the shape: (12, 12, 3), (3,)
energy expectation at iteration 3160: --- (-5.192954389409905)
updated YJMparams, Hparams have the shape: (12, 12, 3), (3,)
energy expectation at iteration 3180: --- (-5.195728332384984)
updated YJMparams, Hparams have the shape: (12, 12, 3), (3,)
energy expectation at iteration 3200: --- (-5.198593960969066)
updated YJMparams, Hparams have the shape: (12, 12, 3), (3,)
energy expectation at iteration 3220: --- (-5.201449565155553)
updated YJMparams, Hparams have the shape: (12, 12, 3), (3,)
energy expectation at iteration 3240: --- (-5.204168461107372)
updated YJMparams, Hparams have the shape: (12, 12, 3), (3,)
energy expectation at iteration 3260: --- (-5.206621471136088)
updated YJMparams, Hparams have the shape: (12, 12, 3), (3,)
energy expectation at iteration 3280: --- (-5.208707055566937)
updated YJMparams, Hparams have the shape: (12, 12, 3), (3,)
energy expectation at iteration 3300: --- (-5.2103800570238)
updated YJMparams, Hparams have the shape: (12, 12, 3), (3,)
energy expectation at iteration 3320: --- (-5.211661557684967)
updated YJMparams, Hparams have the shape: (12, 12, 3), (3,)
energy expectation at iteration 3340: --- (-5.212615243885225)
updated YJMparams, Hparams have the shape: (12, 12, 3), (3,)
energy expectation at iteration 3360: --- (-5.213303790738183)
updated YJMparams, Hparams have the shape: (12, 12, 3), (3,)
energy expectation at iteration 3380: --- (-5.213763614878053)
updated YJMparams, Hparams have the shape: (12, 12, 3), (3,)
energy expectation at iteration 3400: --- (-5.214014004299521)
updated YJMparams, Hparams have the shape: (12, 12, 3), (3,)
energy expectation at iteration 3420: --- (-5.214074726393172)
updated YJMparams, Hparams have the shape: (12, 12, 3), (3,)
energy expectation at iteration 3440: --- (-5.2139662168516345)
updated YJMparams, Hparams have the shape: (12, 12, 3), (3,)
energy expectation at iteration 3460: --- (-5.213700347620489)
updated YJMparams, Hparams have the shape: (12, 12, 3), (3,)
energy expectation at iteration 3480: --- (-5.213280575984591)
updated YJMparams, Hparams have the shape: (12, 12, 3), (3,)
energy expectation at iteration 3500: --- (-5.212709306161108)
updated YJMparams, Hparams have the shape: (12, 12, 3), (3,)
energy expectation at iteration 3520: --- (-5.2119912270132795)
updated YJMparams, Hparams have the shape: (12, 12, 3), (3,)
energy expectation at iteration 3540: --- (-5.211134162385967)
updated YJMparams, Hparams have the shape: (12, 12, 3), (3,)
energy expectation at iteration 3560: --- (-5.210154335938441)
updated YJMparams, Hparams have the shape: (12, 12, 3), (3,)
energy expectation at iteration 3580: --- (-5.209083737885798)
updated YJMparams, Hparams have the shape: (12, 12, 3), (3,)
energy expectation at iteration 3600: --- (-5.207970575726854)
updated YJMparams, Hparams have the shape: (12, 12, 3), (3,)
energy expectation at iteration 3620: --- (-5.206869085743927)
updated YJMparams, Hparams have the shape: (12, 12, 3), (3,)
energy expectation at iteration 3640: --- (-5.205826074927927)
updated YJMparams, Hparams have the shape: (12, 12, 3), (3,)
energy expectation at iteration 3660: --- (-5.2048755581984985)
updated YJMparams, Hparams have the shape: (12, 12, 3), (3,)
energy expectation at iteration 3680: --- (-5.204044312894785)
updated YJMparams, Hparams have the shape: (12, 12, 3), (3,)
energy expectation at iteration 3700: --- (-5.203359485470189)
updated YJMparams, Hparams have the shape: (12, 12, 3), (3,)
energy expectation at iteration 3720: --- (-5.2028483898512405)
updated YJMparams, Hparams have the shape: (12, 12, 3), (3,)
energy expectation at iteration 3740: --- (-5.202530890930937)
updated YJMparams, Hparams have the shape: (12, 12, 3), (3,)
energy expectation at iteration 3760: --- (-5.202412551547251)
updated YJMparams, Hparams have the shape: (12, 12, 3), (3,)
energy expectation at iteration 3780: --- (-5.202483421933007)
updated YJMparams, Hparams have the shape: (12, 12, 3), (3,)
energy expectation at iteration 3800: --- (-5.2027205498897935)
updated YJMparams, Hparams have the shape: (12, 12, 3), (3,)
energy expectation at iteration 3820: --- (-5.203091306824575)
updated YJMparams, Hparams have the shape: (12, 12, 3), (3,)
energy expectation at iteration 3840: --- (-5.203557154474846)
updated YJMparams, Hparams have the shape: (12, 12, 3), (3,)
energy expectation at iteration 3860: --- (-5.204077960476696)
updated YJMparams, Hparams have the shape: (12, 12, 3), (3,)
energy expectation at iteration 3880: --- (-5.2046161032281475)
updated YJMparams, Hparams have the shape: (12, 12, 3), (3,)
energy expectation at iteration 3900: --- (-5.2051398671872295)
updated YJMparams, Hparams have the shape: (12, 12, 3), (3,)
energy expectation at iteration 3920: --- (-5.20562616885865)
updated YJMparams, Hparams have the shape: (12, 12, 3), (3,)
energy expectation at iteration 3940: --- (-5.206062162842939)
updated YJMparams, Hparams have the shape: (12, 12, 3), (3,)
energy expectation at iteration 3960: --- (-5.206444768382503)
updated YJMparams, Hparams have the shape: (12, 12, 3), (3,)
energy expectation at iteration 3980: --- (-5.206777892118587)
updated YJMparams, Hparams have the shape: (12, 12, 3), (3,)
energy expectation at iteration 4000: --- (-5.2070685090354925)
updated YJMparams, Hparams have the shape: (12, 12, 3), (3,)
energy expectation at iteration 4020: --- (-5.207323354858868)
updated YJMparams, Hparams have the shape: (12, 12, 3), (3,)
energy expectation at iteration 4040: --- (-5.2075471694828455)
updated YJMparams, Hparams have the shape: (12, 12, 3), (3,)
energy expectation at iteration 4060: --- (-5.207741823444441)
updated YJMparams, Hparams have the shape: (12, 12, 3), (3,)
energy expectation at iteration 4080: --- (-5.207904739626788)
updated YJMparams, Hparams have the shape: (12, 12, 3), (3,)
energy expectation at iteration 4100: --- (-5.208026030308848)
updated YJMparams, Hparams have the shape: (12, 12, 3), (3,)
energy expectation at iteration 4120: --- (-5.208085901652629)
updated YJMparams, Hparams have the shape: (12, 12, 3), (3,)
energy expectation at iteration 4140: --- (-5.208054613063769)
updated YJMparams, Hparams have the shape: (12, 12, 3), (3,)
energy expectation at iteration 4160: --- (-5.207895753576637)
updated YJMparams, Hparams have the shape: (12, 12, 3), (3,)
energy expectation at iteration 4180: --- (-5.207571842256714)
updated YJMparams, Hparams have the shape: (12, 12, 3), (3,)
energy expectation at iteration 4200: --- (-5.207050947219158)
updated YJMparams, Hparams have the shape: (12, 12, 3), (3,)
energy expectation at iteration 4220: --- (-5.2063135208011735)
updated YJMparams, Hparams have the shape: (12, 12, 3), (3,)
energy expectation at iteration 4240: --- (-5.205358902584914)
updated YJMparams, Hparams have the shape: (12, 12, 3), (3,)
energy expectation at iteration 4260: --- (-5.204210763335112)
updated YJMparams, Hparams have the shape: (12, 12, 3), (3,)
energy expectation at iteration 4280: --- (-5.2029202820958425)
updated YJMparams, Hparams have the shape: (12, 12, 3), (3,)
energy expectation at iteration 4300: --- (-5.201565322786403)
updated YJMparams, Hparams have the shape: (12, 12, 3), (3,)
energy expectation at iteration 4320: --- (-5.200244032359157)
updated YJMparams, Hparams have the shape: (12, 12, 3), (3,)
energy expectation at iteration 4340: --- (-5.199062894792467)
updated YJMparams, Hparams have the shape: (12, 12, 3), (3,)
energy expectation at iteration 4360: --- (-5.198121946071937)
updated YJMparams, Hparams have the shape: (12, 12, 3), (3,)
energy expectation at iteration 4380: --- (-5.197501596809081)
updated YJMparams, Hparams have the shape: (12, 12, 3), (3,)
energy expectation at iteration 4400: --- (-5.197254555582861)
updated YJMparams, Hparams have the shape: (12, 12, 3), (3,)
energy expectation at iteration 4420: --- (-5.197403292002266)
updated YJMparams, Hparams have the shape: (12, 12, 3), (3,)
energy expectation at iteration 4440: --- (-5.197940638578072)
updated YJMparams, Hparams have the shape: (12, 12, 3), (3,)
energy expectation at iteration 4460: --- (-5.198830413794716)
updated YJMparams, Hparams have the shape: (12, 12, 3), (3,)
energy expectation at iteration 4480: --- (-5.200006888010648)
updated YJMparams, Hparams have the shape: (12, 12, 3), (3,)
energy expectation at iteration 4500: --- (-5.201375300448469)
updated YJMparams, Hparams have the shape: (12, 12, 3), (3,)
energy expectation at iteration 4520: --- (-5.202817661558449)
updated YJMparams, Hparams have the shape: (12, 12, 3), (3,)
energy expectation at iteration 4540: --- (-5.204206278844892)
updated YJMparams, Hparams have the shape: (12, 12, 3), (3,)
energy expectation at iteration 4560: --- (-5.205422318453076)
updated YJMparams, Hparams have the shape: (12, 12, 3), (3,)
energy expectation at iteration 4580: --- (-5.206372004876509)
updated YJMparams, Hparams have the shape: (12, 12, 3), (3,)
energy expectation at iteration 4600: --- (-5.206992831228069)
updated YJMparams, Hparams have the shape: (12, 12, 3), (3,)
energy expectation at iteration 4620: --- (-5.2072471480980465)
updated YJMparams, Hparams have the shape: (12, 12, 3), (3,)
energy expectation at iteration 4640: --- (-5.207107409929968)
updated YJMparams, Hparams have the shape: (12, 12, 3), (3,)
energy expectation at iteration 4660: --- (-5.206541722430053)
updated YJMparams, Hparams have the shape: (12, 12, 3), (3,)
energy expectation at iteration 4680: --- (-5.205507987851082)
updated YJMparams, Hparams have the shape: (12, 12, 3), (3,)
energy expectation at iteration 4700: --- (-5.20396068907517)
updated YJMparams, Hparams have the shape: (12, 12, 3), (3,)
energy expectation at iteration 4720: --- (-5.201868278182694)
updated YJMparams, Hparams have the shape: (12, 12, 3), (3,)
energy expectation at iteration 4740: --- (-5.19923361797397)
updated YJMparams, Hparams have the shape: (12, 12, 3), (3,)
energy expectation at iteration 4760: --- (-5.196107747890695)
updated YJMparams, Hparams have the shape: (12, 12, 3), (3,)
energy expectation at iteration 4780: --- (-5.192590250183233)
updated YJMparams, Hparams have the shape: (12, 12, 3), (3,)
energy expectation at iteration 4800: --- (-5.1888161160709)
updated YJMparams, Hparams have the shape: (12, 12, 3), (3,)
energy expectation at iteration 4820: --- (-5.184934771803887)
updated YJMparams, Hparams have the shape: (12, 12, 3), (3,)
energy expectation at iteration 4840: --- (-5.181088448300471)
updated YJMparams, Hparams have the shape: (12, 12, 3), (3,)
energy expectation at iteration 4860: --- (-5.177394923494535)
updated YJMparams, Hparams have the shape: (12, 12, 3), (3,)
energy expectation at iteration 4880: --- (-5.173936784135388)
updated YJMparams, Hparams have the shape: (12, 12, 3), (3,)
energy expectation at iteration 4900: --- (-5.170757643035506)
updated YJMparams, Hparams have the shape: (12, 12, 3), (3,)
energy expectation at iteration 4920: --- (-5.167864806289202)
updated YJMparams, Hparams have the shape: (12, 12, 3), (3,)
energy expectation at iteration 4940: --- (-5.165236732833027)
updated YJMparams, Hparams have the shape: (12, 12, 3), (3,)
energy expectation at iteration 4960: --- (-5.162832565144452)
updated YJMparams, Hparams have the shape: (12, 12, 3), (3,)
energy expectation at iteration 4980: --- (-5.160601116751806)
updated YJMparams, Hparams have the shape: (12, 12, 3), (3,)
energy expectation at iteration 5000: --- (-5.158488070591455)
the optimized ground state: [ 9.35167125e-03 -4.68410690e-03  8.25053940e-03 -4.60392622e-03
 -3.31711013e-02 -6.38343522e-03 -6.37102066e-03  1.16068373e-02
 -1.26208685e-02  1.96840586e-02 -1.56826890e-02  8.93188820e-03
  4.03716369e-03 -7.65177440e-03  2.74574594e-02 -1.05258749e-03
 -9.71730398e-03 -8.94532356e-03 -1.82214578e-02 -8.34236878e-02
  1.09193844e-03  1.02222870e-02 -2.08649463e-02  3.85968987e-02
  1.84990426e-02  2.21355103e-02 -4.88890994e-02  1.16625809e-02
 -5.54128903e-02 -2.04090686e-02 -3.22293959e-03  2.96262850e-02
  9.68737905e-03  1.50526067e-01  1.57838822e-02 -2.26906427e-02
  2.26351581e-02  9.73178352e-03 -4.51921140e-03  1.61266990e-02
  1.85114438e-02  3.92785664e-03 -4.14991106e-02 -3.15962376e-02
  2.42122485e-02  3.82302066e-02 -2.32115409e-03 -7.93735454e-02
  1.60538589e-02  8.66787593e-03  4.06839483e-02 -2.06097613e-02
 -1.54309138e-02  1.77435368e-03  2.32069149e-02 -2.61375232e-02
  3.32775432e-02  1.07003000e-02  2.23516099e-02 -3.95887516e-02
 -3.23951975e-02 -9.59074859e-02  1.59831507e-02 -3.50544631e-02
 -1.62303532e-02 -3.86910086e-02 -7.05687520e-03 -5.32437680e-03
  3.42448775e-02  3.83320978e-02  1.64543878e-01 -5.04729291e-03
 -2.50578447e-02 -6.53392551e-02  3.36918571e-03  3.65808736e-02
  1.37220669e-02  1.45765580e-02 -1.82037853e-02  1.22698698e-02
  1.77364512e-02 -2.17798224e-02 -1.35292713e-02  1.76565181e-02
 -1.01921819e-01  2.21901648e-02  3.92866809e-03  1.29980664e-02
  8.38103593e-03 -7.76344750e-03 -6.36757119e-03  1.02225511e-02
  2.94470956e-02 -7.64604998e-03  5.19684513e-04  2.24994445e-02
 -5.64256155e-02  3.84340048e-02 -9.77830402e-03 -4.82581387e-03
 -4.54904619e-02  5.49999558e-02  2.33610040e-02 -6.63566811e-02
 -3.15822092e-02  6.41135212e-02 -2.27057099e-02 -2.29400860e-02
  3.13478276e-02  2.76065802e-02 -5.97347053e-02 -5.09735282e-02
  2.11772903e-02  1.64907177e-02  1.07732024e-02 -8.40961330e-02
  5.01812463e-02  2.63118693e-01 -1.08948093e-01  1.92139697e-01
 -3.96081496e-02 -9.26653076e-02 -5.01134608e-02  1.62243838e-01
 -1.58996165e-02 -1.08936521e-01 -6.49463414e-02 -9.58149041e-02
 -1.72416561e-02  4.47271552e-01 -7.09585556e-03 -6.70683243e-01]
------------------------------------
Optimized lowest energy: -5.214074726393172
-------------------------------------
True Ground State wavefuncion in Sn irrep basis: [ 2.15587644e-03 -2.92546523e-03  5.74479865e-03  1.07690736e-02
 -1.03170393e-02 -4.71519001e-03  5.74479890e-03 -5.80161802e-04
 -1.27628737e-02  9.77900257e-03 -2.02973561e-03  3.96429259e-03
 -7.60833283e-04 -1.18560677e-03  1.81850118e-02  4.37230575e-03
 -1.07761943e-03 -1.16712410e-02  5.81434976e-04 -7.08289883e-02
  1.07690729e-02 -1.27628756e-02 -4.02832245e-02  3.35448547e-02
  9.49063408e-03 -7.60833342e-04 -3.44852134e-02  2.71655476e-02
 -3.45417743e-02 -1.69655972e-02 -1.91322841e-02  5.39358642e-02
  2.00083821e-02  2.04505934e-01  4.37230567e-03 -1.69655976e-02
  2.42939768e-02  2.88637006e-02 -2.45961514e-02  8.75754688e-03
 -2.52095532e-03 -1.55247892e-03 -8.79259296e-02 -2.80769723e-02
  1.40751294e-02  3.27360297e-02  5.49956704e-03 -7.60106432e-02
 -1.03170392e-02  9.77900420e-03  3.35448535e-02 -2.55703794e-02
 -1.11421088e-03 -1.18560649e-03  2.71655462e-02 -3.78859117e-02
  3.24014571e-02  2.42939755e-02  6.19826088e-03 -2.55517846e-02
 -9.62731579e-03 -9.97288112e-02 -1.07761953e-03 -1.91322813e-02
  6.19825898e-03 -6.10091756e-02  8.75754726e-03 -1.58321696e-02
  5.68204061e-03  1.01807685e-02  1.70022042e-01  1.40751295e-02
 -1.67348948e-02 -2.43047233e-02 -5.44167913e-03  2.81242924e-02
  5.81434836e-04  2.00083821e-02 -9.62731686e-03  1.01615739e-02
 -1.55247869e-03  1.01807687e-02  1.15139396e-03 -7.72682604e-03
 -7.72675226e-02  5.49956579e-03 -5.44167827e-03  2.20027150e-02
 -1.21905826e-02 -5.27841837e-02 -4.71518994e-03 -2.02973664e-03
  9.49063497e-03 -1.11421075e-03 -6.00596632e-03  1.81850119e-02
 -3.45417748e-02  3.24014605e-02 -1.03194347e-02  2.88637002e-02
 -6.10091818e-02  2.30276623e-02  1.01615771e-02 -6.91962465e-02
 -1.16712390e-02  5.39358584e-02 -2.55517820e-02  2.30276607e-02
 -2.52095442e-03  5.68203751e-03 -3.35928811e-02  1.15139575e-03
  3.77613067e-02  3.27360300e-02 -2.43047260e-02 -9.21259237e-02
  2.20027165e-02  2.81472613e-01 -7.08289912e-02  2.04505943e-01
 -9.97288203e-02 -6.91962439e-02 -8.79259305e-02  1.70022047e-01
  3.77613049e-02 -7.72675237e-02 -1.15031780e-01 -7.60106437e-02
  2.81242958e-02  2.81472608e-01 -5.27841854e-02 -7.38109734e-01]
-------------------------------------
The overlap between the optimized state and the ground state: 0.9544077543076713

Shutting down Snob2.
Traceback (most recent call last):
  File "/local/hanzheng/CQA/Sn-CQA/codes/test2.py", line 1, in <module>
    import torch
ModuleNotFoundError: No module named 'torch'
Snob2 initialized.

/local/conda/miniconda3/envs/autobahnplus/lib/python3.9/site-packages/chex/_src/pytypes.py:37: FutureWarning: jax.tree_structure is deprecated, and will be removed in a future release. Use jax.tree_util.tree_structure instead.
  PyTreeDef = type(jax.tree_structure(None))
usage: test2.py [-h] --noise_scale NOISE_SCALE --lr LR --J2 J2
test2.py: error: the following arguments are required: --noise_scale

Shutting down Snob2.
Snob2 initialized.

/local/conda/miniconda3/envs/autobahnplus/lib/python3.9/site-packages/chex/_src/pytypes.py:37: FutureWarning: jax.tree_structure is deprecated, and will be removed in a future release. Use jax.tree_util.tree_structure instead.
  PyTreeDef = type(jax.tree_structure(None))
usage: test2.py [-h] --noise_scale NOISE_SCALE --lr LR --J2 J2
test2.py: error: the following arguments are required: --noise_scale

Shutting down Snob2.
Snob2 initialized.

/local/conda/miniconda3/envs/autobahnplus/lib/python3.9/site-packages/chex/_src/pytypes.py:37: FutureWarning: jax.tree_structure is deprecated, and will be removed in a future release. Use jax.tree_util.tree_structure instead.
  PyTreeDef = type(jax.tree_structure(None))
WARNING:absl:No GPU/TPU found, falling back to CPU. (Set TF_CPP_MIN_LOG_LEVEL=0 and rerun for more info.)
